c:\users\aller\downloads\imgui-directx-11-kiero-hook-master\imgui directx 11 kiero hook\x64\debug\vc143.pdb
c:\users\aller\downloads\imgui-directx-11-kiero-hook-master\imgui directx 11 kiero hook\x64\debug\vc143.idb
c:\users\aller\downloads\imgui-directx-11-kiero-hook-master\imgui directx 11 kiero hook\x64\debug\main.obj
c:\users\aller\downloads\imgui-directx-11-kiero-hook-master\imgui directx 11 kiero hook\x64\debug\kiero.obj
c:\users\aller\downloads\imgui-directx-11-kiero-hook-master\imgui directx 11 kiero hook\x64\debug\imgui_widgets.obj
c:\users\aller\downloads\imgui-directx-11-kiero-hook-master\imgui directx 11 kiero hook\x64\debug\imgui_impl_win32.obj
c:\users\aller\downloads\imgui-directx-11-kiero-hook-master\imgui directx 11 kiero hook\x64\debug\imgui_impl_dx11.obj
c:\users\aller\downloads\imgui-directx-11-kiero-hook-master\imgui directx 11 kiero hook\x64\debug\imgui_draw.obj
c:\users\aller\downloads\imgui-directx-11-kiero-hook-master\imgui directx 11 kiero hook\x64\debug\imgui_demo.obj
c:\users\aller\downloads\imgui-directx-11-kiero-hook-master\imgui directx 11 kiero hook\x64\debug\imgui.obj
c:\users\aller\downloads\imgui-directx-11-kiero-hook-master\imgui directx 11 kiero hook\x64\debug\utils.obj
c:\users\aller\downloads\imgui-directx-11-kiero-hook-master\imgui directx 11 kiero hook\x64\debug\globals.obj
c:\users\aller\downloads\imgui-directx-11-kiero-hook-master\imgui directx 11 kiero hook\x64\debug\trampoline.obj
c:\users\aller\downloads\imgui-directx-11-kiero-hook-master\imgui directx 11 kiero hook\x64\debug\hook.obj
c:\users\aller\downloads\imgui-directx-11-kiero-hook-master\imgui directx 11 kiero hook\x64\debug\hde64.obj
c:\users\aller\downloads\imgui-directx-11-kiero-hook-master\imgui directx 11 kiero hook\x64\debug\hde32.obj
c:\users\aller\downloads\imgui-directx-11-kiero-hook-master\imgui directx 11 kiero hook\x64\debug\buffer.obj
c:\users\aller\downloads\imgui-directx-11-kiero-hook-master\x64\debug\imgui directx 11 kiero hook.dll
c:\users\aller\downloads\imgui-directx-11-kiero-hook-master\x64\debug\imgui directx 11 kiero hook.pdb
c:\users\aller\downloads\imgui-directx-11-kiero-hook-master\imgui directx 11 kiero hook\x64\debug\minhook.res
c:\users\aller\downloads\imgui-directx-11-kiero-hook-master\imgui directx 11 kiero hook\x64\debug\imgui directx 11 kiero hook.ilk
c:\users\aller\downloads\imgui-directx-11-kiero-hook-master\imgui directx 11 kiero hook\x64\debug\imgui di.04b17470.tlog\cl.command.1.tlog
c:\users\aller\downloads\imgui-directx-11-kiero-hook-master\imgui directx 11 kiero hook\x64\debug\imgui di.04b17470.tlog\cl.items.tlog
c:\users\aller\downloads\imgui-directx-11-kiero-hook-master\imgui directx 11 kiero hook\x64\debug\imgui di.04b17470.tlog\cl.read.1.tlog
c:\users\aller\downloads\imgui-directx-11-kiero-hook-master\imgui directx 11 kiero hook\x64\debug\imgui di.04b17470.tlog\cl.write.1.tlog
c:\users\aller\downloads\imgui-directx-11-kiero-hook-master\imgui directx 11 kiero hook\x64\debug\imgui di.04b17470.tlog\link-cvtres.read.1.tlog
c:\users\aller\downloads\imgui-directx-11-kiero-hook-master\imgui directx 11 kiero hook\x64\debug\imgui di.04b17470.tlog\link-cvtres.write.1.tlog
c:\users\aller\downloads\imgui-directx-11-kiero-hook-master\imgui directx 11 kiero hook\x64\debug\imgui di.04b17470.tlog\link-rc.read.1.tlog
c:\users\aller\downloads\imgui-directx-11-kiero-hook-master\imgui directx 11 kiero hook\x64\debug\imgui di.04b17470.tlog\link-rc.write.1.tlog
c:\users\aller\downloads\imgui-directx-11-kiero-hook-master\imgui directx 11 kiero hook\x64\debug\imgui di.04b17470.tlog\link.16592-cvtres.read.1.tlog
c:\users\aller\downloads\imgui-directx-11-kiero-hook-master\imgui directx 11 kiero hook\x64\debug\imgui di.04b17470.tlog\link.16592-cvtres.write.1.tlog
c:\users\aller\downloads\imgui-directx-11-kiero-hook-master\imgui directx 11 kiero hook\x64\debug\imgui di.04b17470.tlog\link.16592-rc.read.1.tlog
c:\users\aller\downloads\imgui-directx-11-kiero-hook-master\imgui directx 11 kiero hook\x64\debug\imgui di.04b17470.tlog\link.16592-rc.write.1.tlog
c:\users\aller\downloads\imgui-directx-11-kiero-hook-master\imgui directx 11 kiero hook\x64\debug\imgui di.04b17470.tlog\link.16592.read.1.tlog
c:\users\aller\downloads\imgui-directx-11-kiero-hook-master\imgui directx 11 kiero hook\x64\debug\imgui di.04b17470.tlog\link.16592.read.2.tlog
c:\users\aller\downloads\imgui-directx-11-kiero-hook-master\imgui directx 11 kiero hook\x64\debug\imgui di.04b17470.tlog\link.16592.read.3.tlog
c:\users\aller\downloads\imgui-directx-11-kiero-hook-master\imgui directx 11 kiero hook\x64\debug\imgui di.04b17470.tlog\link.16592.read.4.tlog
c:\users\aller\downloads\imgui-directx-11-kiero-hook-master\imgui directx 11 kiero hook\x64\debug\imgui di.04b17470.tlog\link.16592.write.1.tlog
c:\users\aller\downloads\imgui-directx-11-kiero-hook-master\imgui directx 11 kiero hook\x64\debug\imgui di.04b17470.tlog\link.command.1.tlog
c:\users\aller\downloads\imgui-directx-11-kiero-hook-master\imgui directx 11 kiero hook\x64\debug\imgui di.04b17470.tlog\link.read.1.tlog
c:\users\aller\downloads\imgui-directx-11-kiero-hook-master\imgui directx 11 kiero hook\x64\debug\imgui di.04b17470.tlog\link.read.2.tlog
c:\users\aller\downloads\imgui-directx-11-kiero-hook-master\imgui directx 11 kiero hook\x64\debug\imgui di.04b17470.tlog\link.read.3.tlog
c:\users\aller\downloads\imgui-directx-11-kiero-hook-master\imgui directx 11 kiero hook\x64\debug\imgui di.04b17470.tlog\link.read.4.tlog
c:\users\aller\downloads\imgui-directx-11-kiero-hook-master\imgui directx 11 kiero hook\x64\debug\imgui di.04b17470.tlog\link.secondary.1.tlog
c:\users\aller\downloads\imgui-directx-11-kiero-hook-master\imgui directx 11 kiero hook\x64\debug\imgui di.04b17470.tlog\link.write.1.tlog
c:\users\aller\downloads\imgui-directx-11-kiero-hook-master\imgui directx 11 kiero hook\x64\debug\imgui di.04b17470.tlog\rc.command.1.tlog
c:\users\aller\downloads\imgui-directx-11-kiero-hook-master\imgui directx 11 kiero hook\x64\debug\imgui di.04b17470.tlog\rc.read.1.tlog
c:\users\aller\downloads\imgui-directx-11-kiero-hook-master\imgui directx 11 kiero hook\x64\debug\imgui di.04b17470.tlog\rc.write.1.tlog
